[23/Nov/2020:22:39:44] ENGINE Listening for SIGTERM.
[23/Nov/2020:22:39:44] ENGINE Bus STARTING
[23/Nov/2020:22:39:44] ENGINE Set handler for console events.
[23/Nov/2020:22:39:44] ENGINE Started monitor thread 'Autoreloader'.
[23/Nov/2020:22:39:45] ENGINE Serving on http://127.0.0.1:8080
[23/Nov/2020:22:39:45] ENGINE Bus STARTED
[23/Nov/2020:22:59:22] ENGINE Listening for SIGTERM.
[23/Nov/2020:22:59:22] ENGINE Bus STARTING
[23/Nov/2020:22:59:22] ENGINE Set handler for console events.
[23/Nov/2020:22:59:22] ENGINE Started monitor thread 'Autoreloader'.
[23/Nov/2020:22:59:23] ENGINE Serving on http://127.0.0.1:8080
[23/Nov/2020:22:59:23] ENGINE Bus STARTED
[23/Nov/2020:22:59:54] ENGINE Listening for SIGTERM.
[23/Nov/2020:22:59:54] ENGINE Bus STARTING
[23/Nov/2020:22:59:54] ENGINE Set handler for console events.
[23/Nov/2020:22:59:54] ENGINE Started monitor thread 'Autoreloader'.
[23/Nov/2020:22:59:54] ENGINE Serving on http://127.0.0.1:8080
[23/Nov/2020:22:59:54] ENGINE Bus STARTED
[23/Nov/2020:23:02:10] ENGINE Listening for SIGTERM.
[23/Nov/2020:23:02:10] ENGINE Bus STARTING
[23/Nov/2020:23:02:10] ENGINE Set handler for console events.
[23/Nov/2020:23:02:10] ENGINE Started monitor thread 'Autoreloader'.
[23/Nov/2020:23:02:10] ENGINE Serving on http://127.0.0.1:8080
[23/Nov/2020:23:02:10] ENGINE Bus STARTED
[23/Nov/2020:23:03:06] ENGINE Listening for SIGTERM.
[23/Nov/2020:23:03:06] ENGINE Listening for SIGHUP.
[23/Nov/2020:23:03:06] ENGINE Listening for SIGUSR1.
[23/Nov/2020:23:03:06] ENGINE Bus STARTING
[23/Nov/2020:23:03:06] ENGINE Started monitor thread 'Autoreloader'.
[23/Nov/2020:23:03:06] ENGINE Serving on http://127.0.0.1:8080
[23/Nov/2020:23:03:06] ENGINE Bus STARTED
[23/Nov/2020:23:05:02] HTTP 
Traceback (most recent call last):
  File "/usr/local/lib/python3.6/dist-packages/cherrypy/_cprequest.py", line 638, in respond
    self._do_respond(path_info)
  File "/usr/local/lib/python3.6/dist-packages/cherrypy/_cprequest.py", line 697, in _do_respond
    response.body = self.handler()
  File "/usr/local/lib/python3.6/dist-packages/cherrypy/lib/encoding.py", line 219, in __call__
    self.body = self.oldhandler(*args, **kwargs)
  File "/usr/local/lib/python3.6/dist-packages/cherrypy/_cpdispatch.py", line 54, in __call__
    return self.callable(*self.args, **self.kwargs)
  File "lec_06.py", line 48, in get_image
    cv_img = cv2.polylines(cv_img, [0, 0, 50, 50], True, (0, 255, 0), 4, lineType=cv2.LINE_AA)
cv2.error: OpenCV(4.2.0) /io/opencv/modules/imgproc/src/drawing.cpp:2435: error: (-215:Assertion failed) p.checkVector(2, CV_32S) >= 0 in function 'polylines'

[23/Nov/2020:23:05:02] HTTP 
Request Headers:
  Remote-Addr: 127.0.0.1
  HOST: 127.0.0.1:8080
  CONNECTION: keep-alive
  UPGRADE-INSECURE-REQUESTS: 1
  USER-AGENT: Mozilla/5.0 (Windows NT 10.0; Win64; x64) AppleWebKit/537.36 (KHTML, like Gecko) Chrome/87.0.4280.66 Safari/537.36
  ACCEPT: text/html,application/xhtml+xml,application/xml;q=0.9,image/avif,image/webp,image/apng,*/*;q=0.8,application/signed-exchange;v=b3;q=0.9
  SEC-FETCH-SITE: none
  SEC-FETCH-MODE: navigate
  SEC-FETCH-DEST: document
  ACCEPT-ENCODING: gzip, deflate, br
  ACCEPT-LANGUAGE: ru,en;q=0.9,de;q=0.8
  COOKIE: csrftoken=ziONBLr2VsBZDACqiN0S13ujHZds3Okhfcl3sK2sjIoQgcP42Ml4qrSBEXI7xjPC; sessionid=iqufm2bd7j7dfasooazns8p7le8gq430
[23/Nov/2020:23:05:25] ENGINE Restarting because /mnt/d/repositories/courses/tp/lec_06_cherrypy/lec_06.py changed.
[23/Nov/2020:23:05:25] ENGINE Stopped thread 'Autoreloader'.
[23/Nov/2020:23:05:25] ENGINE Bus STOPPING
[23/Nov/2020:23:05:25] ENGINE HTTP Server cherrypy._cpwsgi_server.CPWSGIServer(('127.0.0.1', 8080)) shut down
[23/Nov/2020:23:05:25] ENGINE Bus STOPPED
[23/Nov/2020:23:05:25] ENGINE Bus EXITING
[23/Nov/2020:23:05:25] ENGINE Bus EXITED
[23/Nov/2020:23:05:25] ENGINE Waiting for child threads to terminate...
[23/Nov/2020:23:05:25] ENGINE Re-spawning python3 lec_06.py
[23/Nov/2020:23:05:25] ENGINE Listening for SIGTERM.
[23/Nov/2020:23:05:25] ENGINE Listening for SIGHUP.
[23/Nov/2020:23:05:25] ENGINE Listening for SIGUSR1.
[23/Nov/2020:23:05:25] ENGINE Bus STARTING
[23/Nov/2020:23:05:25] ENGINE Started monitor thread 'Autoreloader'.
[23/Nov/2020:23:05:25] ENGINE Serving on http://127.0.0.1:8080
[23/Nov/2020:23:05:25] ENGINE Bus STARTED
[23/Nov/2020:23:10:20] ENGINE Restarting because /mnt/d/repositories/courses/tp/lec_06_cherrypy/lec_06.py changed.
[23/Nov/2020:23:10:20] ENGINE Stopped thread 'Autoreloader'.
[23/Nov/2020:23:10:20] ENGINE Bus STOPPING
[23/Nov/2020:23:10:20] ENGINE HTTP Server cherrypy._cpwsgi_server.CPWSGIServer(('127.0.0.1', 8080)) shut down
[23/Nov/2020:23:10:20] ENGINE Bus STOPPED
[23/Nov/2020:23:10:20] ENGINE Bus EXITING
[23/Nov/2020:23:10:20] ENGINE Bus EXITED
[23/Nov/2020:23:10:20] ENGINE Waiting for child threads to terminate...
[23/Nov/2020:23:10:20] ENGINE Re-spawning python3 lec_06.py
[23/Nov/2020:23:10:21] ENGINE Listening for SIGTERM.
[23/Nov/2020:23:10:21] ENGINE Listening for SIGHUP.
[23/Nov/2020:23:10:21] ENGINE Listening for SIGUSR1.
[23/Nov/2020:23:10:21] ENGINE Bus STARTING
[23/Nov/2020:23:10:21] ENGINE Started monitor thread 'Autoreloader'.
[23/Nov/2020:23:10:21] ENGINE Serving on http://127.0.0.1:8080
[23/Nov/2020:23:10:21] ENGINE Bus STARTED
[23/Nov/2020:23:10:27] ENGINE Restarting because /mnt/d/repositories/courses/tp/lec_06_cherrypy/lec_06.py changed.
[23/Nov/2020:23:10:27] ENGINE Stopped thread 'Autoreloader'.
[23/Nov/2020:23:10:27] ENGINE Bus STOPPING
[23/Nov/2020:23:10:27] ENGINE HTTP Server cherrypy._cpwsgi_server.CPWSGIServer(('127.0.0.1', 8080)) shut down
[23/Nov/2020:23:10:27] ENGINE Bus STOPPED
[23/Nov/2020:23:10:27] ENGINE Bus EXITING
[23/Nov/2020:23:10:27] ENGINE Bus EXITED
[23/Nov/2020:23:10:27] ENGINE Waiting for child threads to terminate...
[23/Nov/2020:23:10:27] ENGINE Re-spawning python3 lec_06.py
[23/Nov/2020:23:10:28] ENGINE Listening for SIGTERM.
[23/Nov/2020:23:10:28] ENGINE Listening for SIGHUP.
[23/Nov/2020:23:10:28] ENGINE Listening for SIGUSR1.
[23/Nov/2020:23:10:28] ENGINE Bus STARTING
[23/Nov/2020:23:10:28] ENGINE Started monitor thread 'Autoreloader'.
[23/Nov/2020:23:10:28] ENGINE Serving on http://127.0.0.1:8080
[23/Nov/2020:23:10:28] ENGINE Bus STARTED
[23/Nov/2020:23:14:12] ENGINE Restarting because /mnt/d/repositories/courses/tp/lec_06_cherrypy/lec_06.py changed.
[23/Nov/2020:23:14:12] ENGINE Stopped thread 'Autoreloader'.
[23/Nov/2020:23:14:12] ENGINE Bus STOPPING
[23/Nov/2020:23:14:12] ENGINE HTTP Server cherrypy._cpwsgi_server.CPWSGIServer(('127.0.0.1', 8080)) shut down
[23/Nov/2020:23:14:12] ENGINE Bus STOPPED
[23/Nov/2020:23:14:12] ENGINE Bus EXITING
[23/Nov/2020:23:14:12] ENGINE Bus EXITED
[23/Nov/2020:23:14:12] ENGINE Waiting for child threads to terminate...
[23/Nov/2020:23:14:12] ENGINE Re-spawning python3 lec_06.py
[23/Nov/2020:23:14:13] ENGINE Listening for SIGTERM.
[23/Nov/2020:23:14:13] ENGINE Listening for SIGHUP.
[23/Nov/2020:23:14:13] ENGINE Listening for SIGUSR1.
[23/Nov/2020:23:14:13] ENGINE Bus STARTING
[23/Nov/2020:23:14:13] ENGINE Started monitor thread 'Autoreloader'.
[23/Nov/2020:23:14:13] ENGINE Serving on http://127.0.0.1:8080
[23/Nov/2020:23:14:13] ENGINE Bus STARTED
[23/Nov/2020:23:15:17] ENGINE Restarting because /mnt/d/repositories/courses/tp/lec_06_cherrypy/lec_06.py changed.
[23/Nov/2020:23:15:17] ENGINE Stopped thread 'Autoreloader'.
[23/Nov/2020:23:15:17] ENGINE Bus STOPPING
[23/Nov/2020:23:15:17] ENGINE HTTP Server cherrypy._cpwsgi_server.CPWSGIServer(('127.0.0.1', 8080)) shut down
[23/Nov/2020:23:15:17] ENGINE Bus STOPPED
[23/Nov/2020:23:15:17] ENGINE Bus EXITING
[23/Nov/2020:23:15:17] ENGINE Bus EXITED
[23/Nov/2020:23:15:17] ENGINE Waiting for child threads to terminate...
[23/Nov/2020:23:15:17] ENGINE Re-spawning python3 lec_06.py
[23/Nov/2020:23:15:17] ENGINE Listening for SIGTERM.
[23/Nov/2020:23:15:17] ENGINE Listening for SIGHUP.
[23/Nov/2020:23:15:17] ENGINE Listening for SIGUSR1.
[23/Nov/2020:23:15:17] ENGINE Bus STARTING
[23/Nov/2020:23:15:17] ENGINE Started monitor thread 'Autoreloader'.
[23/Nov/2020:23:15:17] ENGINE Serving on http://127.0.0.1:8080
[23/Nov/2020:23:15:17] ENGINE Bus STARTED
[25/Nov/2020:15:03:42] ENGINE Listening for SIGTERM.
[25/Nov/2020:15:03:42] ENGINE Listening for SIGHUP.
[25/Nov/2020:15:03:42] ENGINE Listening for SIGUSR1.
[25/Nov/2020:15:03:42] ENGINE Bus STARTING
[25/Nov/2020:15:03:42] ENGINE Started monitor thread 'Autoreloader'.
[25/Nov/2020:15:03:42] ENGINE Serving on http://127.0.0.1:8080
[25/Nov/2020:15:03:42] ENGINE Bus STARTED
[25/Nov/2020:15:35:42] ENGINE Restarting because /mnt/d/repositories/courses/tp/lec_06_cherrypy/lec_06.py changed.
[25/Nov/2020:15:35:42] ENGINE Stopped thread 'Autoreloader'.
[25/Nov/2020:15:35:42] ENGINE Bus STOPPING
[25/Nov/2020:15:35:42] ENGINE HTTP Server cherrypy._cpwsgi_server.CPWSGIServer(('127.0.0.1', 8080)) shut down
[25/Nov/2020:15:35:42] ENGINE Bus STOPPED
[25/Nov/2020:15:35:42] ENGINE Bus EXITING
[25/Nov/2020:15:35:42] ENGINE Bus EXITED
[25/Nov/2020:15:35:42] ENGINE Waiting for child threads to terminate...
[25/Nov/2020:15:35:42] ENGINE Re-spawning python3 lec_06.py
[25/Nov/2020:15:35:44] ENGINE Listening for SIGTERM.
[25/Nov/2020:15:35:44] ENGINE Listening for SIGHUP.
[25/Nov/2020:15:35:44] ENGINE Listening for SIGUSR1.
[25/Nov/2020:15:35:44] ENGINE Bus STARTING
[25/Nov/2020:15:35:44] ENGINE Started monitor thread 'Autoreloader'.
[25/Nov/2020:15:35:44] ENGINE Serving on http://127.0.0.1:8080
[25/Nov/2020:15:35:44] ENGINE Bus STARTED
[25/Nov/2020:15:36:39] ENGINE Restarting because /mnt/d/repositories/courses/tp/lec_06_cherrypy/lec_06.py changed.
[25/Nov/2020:15:36:39] ENGINE Stopped thread 'Autoreloader'.
[25/Nov/2020:15:36:39] ENGINE Bus STOPPING
[25/Nov/2020:15:36:39] ENGINE HTTP Server cherrypy._cpwsgi_server.CPWSGIServer(('127.0.0.1', 8080)) shut down
[25/Nov/2020:15:36:39] ENGINE Bus STOPPED
[25/Nov/2020:15:36:39] ENGINE Bus EXITING
[25/Nov/2020:15:36:39] ENGINE Bus EXITED
[25/Nov/2020:15:36:39] ENGINE Waiting for child threads to terminate...
[25/Nov/2020:15:36:39] ENGINE Re-spawning python3 lec_06.py
[25/Nov/2020:15:36:40] ENGINE Listening for SIGTERM.
[25/Nov/2020:15:36:40] ENGINE Listening for SIGHUP.
[25/Nov/2020:15:36:40] ENGINE Listening for SIGUSR1.
[25/Nov/2020:15:36:40] ENGINE Bus STARTING
[25/Nov/2020:15:36:40] ENGINE Started monitor thread 'Autoreloader'.
[25/Nov/2020:15:36:40] ENGINE Serving on http://127.0.0.1:8080
[25/Nov/2020:15:36:40] ENGINE Bus STARTED
[25/Nov/2020:15:36:59] ENGINE Restarting because /mnt/d/repositories/courses/tp/lec_06_cherrypy/lec_06.py changed.
[25/Nov/2020:15:36:59] ENGINE Stopped thread 'Autoreloader'.
[25/Nov/2020:15:36:59] ENGINE Bus STOPPING
[25/Nov/2020:15:36:59] ENGINE HTTP Server cherrypy._cpwsgi_server.CPWSGIServer(('127.0.0.1', 8080)) shut down
[25/Nov/2020:15:36:59] ENGINE Bus STOPPED
[25/Nov/2020:15:36:59] ENGINE Bus EXITING
[25/Nov/2020:15:36:59] ENGINE Bus EXITED
[25/Nov/2020:15:37:00] ENGINE Waiting for child threads to terminate...
[25/Nov/2020:15:37:00] ENGINE Re-spawning python3 lec_06.py
[25/Nov/2020:15:37:01] ENGINE Listening for SIGTERM.
[25/Nov/2020:15:37:01] ENGINE Listening for SIGHUP.
[25/Nov/2020:15:37:01] ENGINE Listening for SIGUSR1.
[25/Nov/2020:15:37:01] ENGINE Bus STARTING
[25/Nov/2020:15:37:01] ENGINE Started monitor thread 'Autoreloader'.
[25/Nov/2020:15:37:01] ENGINE Serving on http://127.0.0.1:8080
[25/Nov/2020:15:37:01] ENGINE Bus STARTED
[25/Nov/2020:15:37:20] ENGINE Restarting because /mnt/d/repositories/courses/tp/lec_06_cherrypy/lec_06.py changed.
[25/Nov/2020:15:37:20] ENGINE Stopped thread 'Autoreloader'.
[25/Nov/2020:15:37:20] ENGINE Bus STOPPING
[25/Nov/2020:15:37:20] ENGINE HTTP Server cherrypy._cpwsgi_server.CPWSGIServer(('127.0.0.1', 8080)) shut down
[25/Nov/2020:15:37:20] ENGINE Bus STOPPED
[25/Nov/2020:15:37:20] ENGINE Bus EXITING
[25/Nov/2020:15:37:20] ENGINE Bus EXITED
[25/Nov/2020:15:37:20] ENGINE Waiting for child threads to terminate...
[25/Nov/2020:15:37:20] ENGINE Re-spawning python3 lec_06.py
[25/Nov/2020:15:37:21] ENGINE Listening for SIGTERM.
[25/Nov/2020:15:37:21] ENGINE Listening for SIGHUP.
[25/Nov/2020:15:37:21] ENGINE Listening for SIGUSR1.
[25/Nov/2020:15:37:21] ENGINE Bus STARTING
[25/Nov/2020:15:37:21] ENGINE Started monitor thread 'Autoreloader'.
[25/Nov/2020:15:37:21] ENGINE Serving on http://127.0.0.1:8080
[25/Nov/2020:15:37:21] ENGINE Bus STARTED
[25/Nov/2020:15:37:51] ENGINE Restarting because /mnt/d/repositories/courses/tp/lec_06_cherrypy/lec_06.py changed.
[25/Nov/2020:15:37:51] ENGINE Stopped thread 'Autoreloader'.
[25/Nov/2020:15:37:51] ENGINE Bus STOPPING
[25/Nov/2020:15:37:51] ENGINE HTTP Server cherrypy._cpwsgi_server.CPWSGIServer(('127.0.0.1', 8080)) shut down
[25/Nov/2020:15:37:51] ENGINE Bus STOPPED
[25/Nov/2020:15:37:51] ENGINE Bus EXITING
[25/Nov/2020:15:37:51] ENGINE Bus EXITED
[25/Nov/2020:15:37:51] ENGINE Waiting for child threads to terminate...
[25/Nov/2020:15:37:51] ENGINE Re-spawning python3 lec_06.py
[25/Nov/2020:15:37:52] ENGINE Listening for SIGTERM.
[25/Nov/2020:15:37:52] ENGINE Listening for SIGHUP.
[25/Nov/2020:15:37:52] ENGINE Listening for SIGUSR1.
[25/Nov/2020:15:37:52] ENGINE Bus STARTING
[25/Nov/2020:15:37:52] ENGINE Started monitor thread 'Autoreloader'.
[25/Nov/2020:15:37:53] ENGINE Serving on http://127.0.0.1:8080
[25/Nov/2020:15:37:53] ENGINE Bus STARTED
[25/Nov/2020:20:20:32] ENGINE Caught signal SIGHUP.
[25/Nov/2020:20:20:32] ENGINE SIGHUP caught but not daemonized. Exiting.
[25/Nov/2020:20:20:32] ENGINE Bus STOPPING
[25/Nov/2020:20:20:32] ENGINE HTTP Server cherrypy._cpwsgi_server.CPWSGIServer(('127.0.0.1', 8080)) already shut down
[25/Nov/2020:20:20:32] ENGINE No thread running for None.
[25/Nov/2020:20:20:32] ENGINE Bus STOPPED
[25/Nov/2020:20:20:32] ENGINE Bus EXITING
[25/Nov/2020:20:20:32] ENGINE Bus EXITED
[25/Nov/2020:20:20:33] ENGINE Waiting for child threads to terminate...
